0 verbose cli /usr/local/bin/node /usr/local/bin/npm
1 info using npm@10.2.4
2 info using node@v20.11.1
3 timing npm:load:whichnode Completed in 1ms
4 timing config:load:defaults Completed in 1ms
5 timing config:load:file:/usr/local/lib/node_modules/npm/npmrc Completed in 1ms
6 timing config:load:builtin Completed in 1ms
7 timing config:load:cli Completed in 1ms
8 timing config:load:env Completed in 0ms
9 timing config:load:file:/Users/claire/portfolio2025/.npmrc Completed in 0ms
10 timing config:load:project Completed in 0ms
11 timing config:load:file:/Users/claire/.npmrc Completed in 0ms
12 timing config:load:user Completed in 0ms
13 timing config:load:file:/usr/local/etc/npmrc Completed in 0ms
14 timing config:load:global Completed in 0ms
15 timing config:load:setEnvs Completed in 1ms
16 timing config:load Completed in 4ms
17 timing npm:load:configload Completed in 4ms
18 timing config:load:flatten Completed in 1ms
19 timing npm:load:mkdirpcache Completed in 1ms
20 timing npm:load:mkdirplogs Completed in 0ms
21 verbose title npm install react-icons
22 verbose argv "install" "react-icons" "--cache" ".npm-cache"
23 timing npm:load:setTitle Completed in 0ms
24 timing npm:load:display Completed in 0ms
25 verbose logfile logs-max:10 dir:/Users/claire/portfolio2025/.npm-cache/_logs/2025-11-15T01_44_18_963Z-
26 verbose logfile /Users/claire/portfolio2025/.npm-cache/_logs/2025-11-15T01_44_18_963Z-debug-0.log
27 timing npm:load:logFile Completed in 5ms
28 timing npm:load:timers Completed in 0ms
29 timing npm:load:configScope Completed in 0ms
30 timing npm:load Completed in 19ms
31 timing arborist:ctor Completed in 0ms
32 silly logfile done cleaning log files
33 timing idealTree:init Completed in 74ms
34 timing idealTree:userRequests Completed in 1ms
35 silly idealTree buildDeps
36 silly fetch manifest react-icons@*
37 timing arborist:ctor Completed in 0ms
38 http fetch GET 200 https://registry.npmjs.org/npm 261ms (cache miss)
39 http fetch GET 200 https://registry.npmjs.org/react-icons 388ms (cache miss)
40 silly fetch manifest react@^18.3.1
41 http fetch GET 200 https://registry.npmjs.org/react 192ms (cache miss)
42 silly placeDep ROOT react-icons@5.5.0 OK for: irish-portfolio@0.1.0 want: *
43 timing idealTree:#root Completed in 617ms
44 timing idealTree:node_modules/react-icons Completed in 0ms
45 timing idealTree:buildDeps Completed in 618ms
46 timing idealTree:fixDepFlags Completed in 2ms
47 timing idealTree Completed in 699ms
48 timing reify:loadTrees Completed in 699ms
49 timing reify:diffTrees Completed in 25ms
50 silly reify moves {}
51 timing reify:retireShallow Completed in 2ms
52 timing reify:createSparse Completed in 5ms
53 timing reify:loadBundles Completed in 0ms
54 silly audit bulk request {
54 silly audit   '@alloc/quick-lru': [ '5.2.0' ],
54 silly audit   '@emnapi/core': [ '1.5.0' ],
54 silly audit   '@emnapi/runtime': [ '1.5.0' ],
54 silly audit   '@emnapi/wasi-threads': [ '1.1.0' ],
54 silly audit   '@eslint-community/eslint-utils': [ '4.9.0' ],
54 silly audit   '@eslint-community/regexpp': [ '4.12.1' ],
54 silly audit   '@eslint/eslintrc': [ '2.1.4' ],
54 silly audit   '@eslint/js': [ '8.57.1' ],
54 silly audit   '@humanwhocodes/config-array': [ '0.13.0' ],
54 silly audit   '@humanwhocodes/module-importer': [ '1.0.1' ],
54 silly audit   '@humanwhocodes/object-schema': [ '2.0.3' ],
54 silly audit   '@img/colour': [ '1.0.0' ],
54 silly audit   '@img/sharp-darwin-arm64': [ '0.34.4' ],
54 silly audit   '@img/sharp-darwin-x64': [ '0.34.4' ],
54 silly audit   '@img/sharp-libvips-darwin-arm64': [ '1.2.3' ],
54 silly audit   '@img/sharp-libvips-darwin-x64': [ '1.2.3' ],
54 silly audit   '@img/sharp-libvips-linux-arm': [ '1.2.3' ],
54 silly audit   '@img/sharp-libvips-linux-arm64': [ '1.2.3' ],
54 silly audit   '@img/sharp-libvips-linux-ppc64': [ '1.2.3' ],
54 silly audit   '@img/sharp-libvips-linux-s390x': [ '1.2.3' ],
54 silly audit   '@img/sharp-libvips-linux-x64': [ '1.2.3' ],
54 silly audit   '@img/sharp-libvips-linuxmusl-arm64': [ '1.2.3' ],
54 silly audit   '@img/sharp-libvips-linuxmusl-x64': [ '1.2.3' ],
54 silly audit   '@img/sharp-linux-arm': [ '0.34.4' ],
54 silly audit   '@img/sharp-linux-arm64': [ '0.34.4' ],
54 silly audit   '@img/sharp-linux-ppc64': [ '0.34.4' ],
54 silly audit   '@img/sharp-linux-s390x': [ '0.34.4' ],
54 silly audit   '@img/sharp-linux-x64': [ '0.34.4' ],
54 silly audit   '@img/sharp-linuxmusl-arm64': [ '0.34.4' ],
54 silly audit   '@img/sharp-linuxmusl-x64': [ '0.34.4' ],
54 silly audit   '@img/sharp-wasm32': [ '0.34.4' ],
54 silly audit   '@img/sharp-win32-arm64': [ '0.34.4' ],
54 silly audit   '@img/sharp-win32-ia32': [ '0.34.4' ],
54 silly audit   '@img/sharp-win32-x64': [ '0.34.4' ],
54 silly audit   '@isaacs/cliui': [ '8.0.2' ],
54 silly audit   'ansi-regex': [ '6.2.2', '5.0.1' ],
54 silly audit   'strip-ansi': [ '7.1.2', '6.0.1' ],
54 silly audit   '@jridgewell/gen-mapping': [ '0.3.13' ],
54 silly audit   '@jridgewell/resolve-uri': [ '3.1.2' ],
54 silly audit   '@jridgewell/sourcemap-codec': [ '1.5.5' ],
54 silly audit   '@jridgewell/trace-mapping': [ '0.3.31' ],
54 silly audit   '@napi-rs/wasm-runtime': [ '0.2.12' ],
54 silly audit   '@next/env': [ '15.5.5' ],
54 silly audit   '@next/eslint-plugin-next': [ '15.5.5' ],
54 silly audit   '@next/swc-darwin-arm64': [ '15.5.5' ],
54 silly audit   '@next/swc-darwin-x64': [ '15.5.5' ],
54 silly audit   '@next/swc-linux-arm64-gnu': [ '15.5.5' ],
54 silly audit   '@next/swc-linux-arm64-musl': [ '15.5.5' ],
54 silly audit   '@next/swc-linux-x64-gnu': [ '15.5.5' ],
54 silly audit   '@next/swc-linux-x64-musl': [ '15.5.5' ],
54 silly audit   '@next/swc-win32-arm64-msvc': [ '15.5.5' ],
54 silly audit   '@next/swc-win32-x64-msvc': [ '15.5.5' ],
54 silly audit   '@nodelib/fs.scandir': [ '2.1.5' ],
54 silly audit   '@nodelib/fs.stat': [ '2.0.5' ],
54 silly audit   '@nodelib/fs.walk': [ '1.2.8' ],
54 silly audit   '@nolyfill/is-core-module': [ '1.0.39' ],
54 silly audit   '@pkgjs/parseargs': [ '0.11.0' ],
54 silly audit   '@rtsao/scc': [ '1.1.0' ],
54 silly audit   '@rushstack/eslint-patch': [ '1.14.0' ],
54 silly audit   '@swc/helpers': [ '0.5.15' ],
54 silly audit   '@tybys/wasm-util': [ '0.10.1' ],
54 silly audit   '@types/json5': [ '0.0.29' ],
54 silly audit   '@typescript-eslint/eslint-plugin': [ '8.46.1' ],
54 silly audit   ignore: [ '7.0.5', '5.3.2' ],
54 silly audit   '@typescript-eslint/parser': [ '8.46.1' ],
54 silly audit   '@typescript-eslint/project-service': [ '8.46.1' ],
54 silly audit   '@typescript-eslint/scope-manager': [ '8.46.1' ],
54 silly audit   '@typescript-eslint/tsconfig-utils': [ '8.46.1' ],
54 silly audit   '@typescript-eslint/type-utils': [ '8.46.1' ],
54 silly audit   '@typescript-eslint/types': [ '8.46.1' ],
54 silly audit   '@typescript-eslint/typescript-estree': [ '8.46.1' ],
54 silly audit   'brace-expansion': [ '2.0.2', '1.1.12' ],
54 silly audit   'fast-glob': [ '3.3.3', '3.3.1' ],
54 silly audit   'glob-parent': [ '5.1.2', '6.0.2' ],
54 silly audit   minimatch: [ '9.0.5', '3.1.2' ],
54 silly audit   '@typescript-eslint/utils': [ '8.46.1' ],
54 silly audit   '@typescript-eslint/visitor-keys': [ '8.46.1' ],
54 silly audit   'eslint-visitor-keys': [ '4.2.1', '3.4.3' ],
54 silly audit   '@ungap/structured-clone': [ '1.3.0' ],
54 silly audit   '@unrs/resolver-binding-android-arm-eabi': [ '1.11.1' ],
54 silly audit   '@unrs/resolver-binding-android-arm64': [ '1.11.1' ],
54 silly audit   '@unrs/resolver-binding-darwin-arm64': [ '1.11.1' ],
54 silly audit   '@unrs/resolver-binding-darwin-x64': [ '1.11.1' ],
54 silly audit   '@unrs/resolver-binding-freebsd-x64': [ '1.11.1' ],
54 silly audit   '@unrs/resolver-binding-linux-arm-gnueabihf': [ '1.11.1' ],
54 silly audit   '@unrs/resolver-binding-linux-arm-musleabihf': [ '1.11.1' ],
54 silly audit   '@unrs/resolver-binding-linux-arm64-gnu': [ '1.11.1' ],
54 silly audit   '@unrs/resolver-binding-linux-arm64-musl': [ '1.11.1' ],
54 silly audit   '@unrs/resolver-binding-linux-ppc64-gnu': [ '1.11.1' ],
54 silly audit   '@unrs/resolver-binding-linux-riscv64-gnu': [ '1.11.1' ],
54 silly audit   '@unrs/resolver-binding-linux-riscv64-musl': [ '1.11.1' ],
54 silly audit   '@unrs/resolver-binding-linux-s390x-gnu': [ '1.11.1' ],
54 silly audit   '@unrs/resolver-binding-linux-x64-gnu': [ '1.11.1' ],
54 silly audit   '@unrs/resolver-binding-linux-x64-musl': [ '1.11.1' ],
54 silly audit   '@unrs/resolver-binding-wasm32-wasi': [ '1.11.1' ],
54 silly audit   '@unrs/resolver-binding-win32-arm64-msvc': [ '1.11.1' ],
54 silly audit   '@unrs/resolver-binding-win32-ia32-msvc': [ '1.11.1' ],
54 silly audit   '@unrs/resolver-binding-win32-x64-msvc': [ '1.11.1' ],
54 silly audit   acorn: [ '8.15.0' ],
54 silly audit   'acorn-jsx': [ '5.3.2' ],
54 silly audit   ajv: [ '6.12.6' ],
54 silly audit   'ansi-styles': [ '4.3.0', '6.2.3' ],
54 silly audit   'any-promise': [ '1.3.0' ],
54 silly audit   anymatch: [ '3.1.3' ],
54 silly audit   arg: [ '5.0.2' ],
54 silly audit   argparse: [ '2.0.1' ],
54 silly audit   'aria-query': [ '5.3.2' ],
54 silly audit   'array-buffer-byte-length': [ '1.0.2' ],
54 silly audit   'array-includes': [ '3.1.9' ],
54 silly audit   'array.prototype.findlast': [ '1.2.5' ],
54 silly audit   'array.prototype.findlastindex': [ '1.2.6' ],
54 silly audit   'array.prototype.flat': [ '1.3.3' ],
54 silly audit   'array.prototype.flatmap': [ '1.3.3' ],
54 silly audit   'array.prototype.tosorted': [ '1.1.4' ],
54 silly audit   'arraybuffer.prototype.slice': [ '1.0.4' ],
54 silly audit   'ast-types-flow': [ '0.0.8' ],
54 silly audit   'async-function': [ '1.0.0' ],
54 silly audit   autoprefixer: [ '10.4.21' ],
54 silly audit   'available-typed-arrays': [ '1.0.7' ],
54 silly audit   'axe-core': [ '4.11.0' ],
54 silly audit   'axobject-query': [ '4.1.0' ],
54 silly audit   'balanced-match': [ '1.0.2' ],
54 silly audit   'baseline-browser-mapping': [ '2.8.16' ],
54 silly audit   'binary-extensions': [ '2.3.0' ],
54 silly audit   braces: [ '3.0.3' ],
54 silly audit   browserslist: [ '4.26.3' ],
54 silly audit   'call-bind': [ '1.0.8' ],
54 silly audit   'call-bind-apply-helpers': [ '1.0.2' ],
54 silly audit   'call-bound': [ '1.0.4' ],
54 silly audit   callsites: [ '3.1.0' ],
54 silly audit   'camelcase-css': [ '2.0.1' ],
54 silly audit   'caniuse-lite': [ '1.0.30001750' ],
54 silly audit   chalk: [ '4.1.2' ],
54 silly audit   chokidar: [ '3.6.0' ],
54 silly audit   'client-only': [ '0.0.1' ],
54 silly audit   'color-convert': [ '2.0.1' ],
54 silly audit   'color-name': [ '1.1.4' ],
54 silly audit   commander: [ '4.1.1' ],
54 silly audit   'concat-map': [ '0.0.1' ],
54 silly audit   'cross-spawn': [ '7.0.6' ],
54 silly audit   cssesc: [ '3.0.0' ],
54 silly audit   'damerau-levenshtein': [ '1.0.8' ],
54 silly audit   'data-view-buffer': [ '1.0.2' ],
54 silly audit   'data-view-byte-length': [ '1.0.2' ],
54 silly audit   'data-view-byte-offset': [ '1.0.1' ],
54 silly audit   debug: [ '4.4.3', '3.2.7' ],
54 silly audit   'deep-is': [ '0.1.4' ],
54 silly audit   'define-data-property': [ '1.1.4' ],
54 silly audit   'define-properties': [ '1.2.1' ],
54 silly audit   'detect-libc': [ '2.1.2' ],
54 silly audit   didyoumean: [ '1.2.2' ],
54 silly audit   dlv: [ '1.1.3' ],
54 silly audit   doctrine: [ '3.0.0', '2.1.0' ],
54 silly audit   'dunder-proto': [ '1.0.1' ],
54 silly audit   eastasianwidth: [ '0.2.0' ],
54 silly audit   'electron-to-chromium': [ '1.5.237' ],
54 silly audit   'emoji-regex': [ '9.2.2', '8.0.0' ],
54 silly audit   'es-abstract': [ '1.24.0' ],
54 silly audit   'es-define-property': [ '1.0.1' ],
54 silly audit   'es-errors': [ '1.3.0' ],
54 silly audit   'es-iterator-helpers': [ '1.2.1' ],
54 silly audit   'es-object-atoms': [ '1.1.1' ],
54 silly audit   'es-set-tostringtag': [ '2.1.0' ],
54 silly audit   'es-shim-unscopables': [ '1.1.0' ],
54 silly audit   'es-to-primitive': [ '1.3.0' ],
54 silly audit   escalade: [ '3.2.0' ],
54 silly audit   'escape-string-regexp': [ '4.0.0' ],
54 silly audit   eslint: [ '8.57.1' ],
54 silly audit   'eslint-config-next': [ '15.5.5' ],
54 silly audit   'eslint-import-resolver-node': [ '0.3.9' ],
54 silly audit   'eslint-import-resolver-typescript': [ '3.10.1' ],
54 silly audit   'eslint-module-utils': [ '2.12.1' ],
54 silly audit   'eslint-plugin-import': [ '2.32.0' ],
54 silly audit   semver: [ '6.3.1', '7.7.3' ],
54 silly audit   'eslint-plugin-jsx-a11y': [ '6.10.2' ],
54 silly audit   'eslint-plugin-react': [ '7.37.5' ],
54 silly audit   'eslint-plugin-react-hooks': [ '5.2.0' ],
54 silly audit   resolve: [ '2.0.0-next.5', '1.22.10' ],
54 silly audit   'eslint-scope': [ '7.2.2' ],
54 silly audit   espree: [ '9.6.1' ],
54 silly audit   esquery: [ '1.6.0' ],
54 silly audit   esrecurse: [ '4.3.0' ],
54 silly audit   estraverse: [ '5.3.0' ],
54 silly audit   esutils: [ '2.0.3' ],
54 silly audit   'fast-deep-equal': [ '3.1.3' ],
54 silly audit   'fast-json-stable-stringify': [ '2.1.0' ],
54 silly audit   'fast-levenshtein': [ '2.0.6' ],
54 silly audit   fastq: [ '1.19.1' ],
54 silly audit   'file-entry-cache': [ '6.0.1' ],
54 silly audit   'fill-range': [ '7.1.1' ],
54 silly audit   'find-up': [ '5.0.0' ],
54 silly audit   'flat-cache': [ '3.2.0' ],
54 silly audit   flatted: [ '3.3.3' ],
54 silly audit   'for-each': [ '0.3.5' ],
54 silly audit   'foreground-child': [ '3.3.1' ],
54 silly audit   'fraction.js': [ '4.3.7' ],
54 silly audit   'framer-motion': [ '11.18.2' ],
54 silly audit   'fs.realpath': [ '1.0.0' ],
54 silly audit   fsevents: [ '2.3.3' ],
54 silly audit   'function-bind': [ '1.1.2' ],
54 silly audit   'function.prototype.name': [ '1.1.8' ],
54 silly audit   'functions-have-names': [ '1.2.3' ],
54 silly audit   'generator-function': [ '2.0.1' ],
54 silly audit   'get-intrinsic': [ '1.3.0' ],
54 silly audit   'get-proto': [ '1.0.1' ],
54 silly audit   'get-symbol-description': [ '1.1.0' ],
54 silly audit   'get-tsconfig': [ '4.12.0' ],
54 silly audit   glob: [ '7.2.3', '10.4.5' ],
54 silly audit   globals: [ '13.24.0' ],
54 silly audit   globalthis: [ '1.0.4' ],
54 silly audit   gopd: [ '1.2.0' ],
54 silly audit   graphemer: [ '1.4.0' ],
54 silly audit   'has-bigints': [ '1.1.0' ],
54 silly audit   'has-flag': [ '4.0.0' ],
54 silly audit   'has-property-descriptors': [ '1.0.2' ],
54 silly audit   'has-proto': [ '1.2.0' ],
54 silly audit   'has-symbols': [ '1.1.0' ],
54 silly audit   'has-tostringtag': [ '1.0.2' ],
54 silly audit   hasown: [ '2.0.2' ],
54 silly audit   'import-fresh': [ '3.3.1' ],
54 silly audit   imurmurhash: [ '0.1.4' ],
54 silly audit   inflight: [ '1.0.6' ],
54 silly audit   inherits: [ '2.0.4' ],
54 silly audit   'internal-slot': [ '1.1.0' ],
54 silly audit   'is-array-buffer': [ '3.0.5' ],
54 silly audit   'is-async-function': [ '2.1.1' ],
54 silly audit   'is-bigint': [ '1.1.0' ],
54 silly audit   'is-binary-path': [ '2.1.0' ],
54 silly audit   'is-boolean-object': [ '1.2.2' ],
54 silly audit   'is-bun-module': [ '2.0.0' ],
54 silly audit   'is-callable': [ '1.2.7' ],
54 silly audit   'is-core-module': [ '2.16.1' ],
54 silly audit   'is-data-view': [ '1.0.2' ],
54 silly audit   'is-date-object': [ '1.1.0' ],
54 silly audit   'is-extglob': [ '2.1.1' ],
54 silly audit   'is-finalizationregistry': [ '1.1.1' ],
54 silly audit   'is-fullwidth-code-point': [ '3.0.0' ],
54 silly audit   'is-generator-function': [ '1.1.2' ],
54 silly audit   'is-glob': [ '4.0.3' ],
54 silly audit   'is-map': [ '2.0.3' ],
54 silly audit   'is-negative-zero': [ '2.0.3' ],
54 silly audit   'is-number': [ '7.0.0' ],
54 silly audit   'is-number-object': [ '1.1.1' ],
54 silly audit   'is-path-inside': [ '3.0.3' ],
54 silly audit   'is-regex': [ '1.2.1' ],
54 silly audit   'is-set': [ '2.0.3' ],
54 silly audit   'is-shared-array-buffer': [ '1.0.4' ],
54 silly audit   'is-string': [ '1.1.1' ],
54 silly audit   'is-symbol': [ '1.1.1' ],
54 silly audit   'is-typed-array': [ '1.1.15' ],
54 silly audit   'is-weakmap': [ '2.0.2' ],
54 silly audit   'is-weakref': [ '1.1.1' ],
54 silly audit   'is-weakset': [ '2.0.4' ],
54 silly audit   isarray: [ '2.0.5' ],
54 silly audit   isexe: [ '2.0.0' ],
54 silly audit   'iterator.prototype': [ '1.1.5' ],
54 silly audit   jackspeak: [ '3.4.3' ],
54 silly audit   jiti: [ '1.21.7' ],
54 silly audit   'js-tokens': [ '4.0.0' ],
54 silly audit   'js-yaml': [ '4.1.0' ],
54 silly audit   'json-buffer': [ '3.0.1' ],
54 silly audit   'json-schema-traverse': [ '0.4.1' ],
54 silly audit   'json-stable-stringify-without-jsonify': [ '1.0.1' ],
54 silly audit   json5: [ '1.0.2' ],
54 silly audit   'jsx-ast-utils': [ '3.3.5' ],
54 silly audit   keyv: [ '4.5.4' ],
54 silly audit   'language-subtag-registry': [ '0.3.23' ],
54 silly audit   'language-tags': [ '1.0.9' ],
54 silly audit   levn: [ '0.4.1' ],
54 silly audit   lilconfig: [ '3.1.3' ],
54 silly audit   'lines-and-columns': [ '1.2.4' ],
54 silly audit   'locate-path': [ '6.0.0' ],
54 silly audit   'lodash.merge': [ '4.6.2' ],
54 silly audit   'loose-envify': [ '1.4.0' ],
54 silly audit   'lru-cache': [ '10.4.3' ],
54 silly audit   'math-intrinsics': [ '1.1.0' ],
54 silly audit   merge2: [ '1.4.1' ],
54 silly audit   micromatch: [ '4.0.8' ],
54 silly audit   minimist: [ '1.2.8' ],
54 silly audit   minipass: [ '7.1.2' ],
54 silly audit   'motion-dom': [ '11.18.1' ],
54 silly audit   'motion-utils': [ '11.18.1' ],
54 silly audit   ms: [ '2.1.3' ],
54 silly audit   mz: [ '2.7.0' ],
54 silly audit   nanoid: [ '3.3.11' ],
54 silly audit   'napi-postinstall': [ '0.3.4' ],
54 silly audit   'natural-compare': [ '1.4.0' ],
54 silly audit   next: [ '15.5.5' ],
54 silly audit   postcss: [ '8.4.31', '8.5.6' ],
54 silly audit   'node-releases': [ '2.0.23' ],
54 silly audit   'normalize-path': [ '3.0.0' ],
54 silly audit   'normalize-range': [ '0.1.2' ],
54 silly audit   'object-assign': [ '4.1.1' ],
54 silly audit   'object-hash': [ '3.0.0' ],
54 silly audit   'object-inspect': [ '1.13.4' ],
54 silly audit   'object-keys': [ '1.1.1' ],
54 silly audit   'object.assign': [ '4.1.7' ],
54 silly audit   'object.entries': [ '1.1.9' ],
54 silly audit   'object.fromentries': [ '2.0.8' ],
54 silly audit   'object.groupby': [ '1.0.3' ],
54 silly audit   'object.values': [ '1.2.1' ],
54 silly audit   once: [ '1.4.0' ],
54 silly audit   optionator: [ '0.9.4' ],
54 silly audit   'own-keys': [ '1.0.1' ],
54 silly audit   'p-limit': [ '3.1.0' ],
54 silly audit   'p-locate': [ '5.0.0' ],
54 silly audit   'package-json-from-dist': [ '1.0.1' ],
54 silly audit   'parent-module': [ '1.0.1' ],
54 silly audit   'path-exists': [ '4.0.0' ],
54 silly audit   'path-is-absolute': [ '1.0.1' ],
54 silly audit   'path-key': [ '3.1.1' ],
54 silly audit   'path-parse': [ '1.0.7' ],
54 silly audit   'path-scurry': [ '1.11.1' ],
54 silly audit   picocolors: [ '1.1.1' ],
54 silly audit   picomatch: [ '2.3.1', '4.0.3' ],
54 silly audit   pify: [ '2.3.0' ],
54 silly audit   pirates: [ '4.0.7' ],
54 silly audit   'possible-typed-array-names': [ '1.1.0' ],
54 silly audit   'postcss-import': [ '15.1.0' ],
54 silly audit   'postcss-js': [ '4.1.0' ],
54 silly audit   'postcss-load-config': [ '6.0.1' ],
54 silly audit   'postcss-nested': [ '6.2.0' ],
54 silly audit   'postcss-selector-parser': [ '6.1.2' ],
54 silly audit   'postcss-value-parser': [ '4.2.0' ],
54 silly audit   'prelude-ls': [ '1.2.1' ],
54 silly audit   'prop-types': [ '15.8.1' ],
54 silly audit   punycode: [ '2.3.1' ],
54 silly audit   'queue-microtask': [ '1.2.3' ],
54 silly audit   react: [ '18.3.1' ],
54 silly audit   'react-dom': [ '18.3.1' ],
54 silly audit   'react-is': [ '16.13.1' ],
54 silly audit   'read-cache': [ '1.0.0' ],
54 silly audit   readdirp: [ '3.6.0' ],
54 silly audit   'reflect.getprototypeof': [ '1.0.10' ],
54 silly audit   'regexp.prototype.flags': [ '1.5.4' ],
54 silly audit   'resolve-from': [ '4.0.0' ],
54 silly audit   'resolve-pkg-maps': [ '1.0.0' ],
54 silly audit   reusify: [ '1.1.0' ],
54 silly audit   rimraf: [ '3.0.2' ],
54 silly audit   'run-parallel': [ '1.2.0' ],
54 silly audit   'safe-array-concat': [ '1.1.3' ],
54 silly audit   'safe-push-apply': [ '1.0.0' ],
54 silly audit   'safe-regex-test': [ '1.1.0' ],
54 silly audit   scheduler: [ '0.23.2' ],
54 silly audit   'set-function-length': [ '1.2.2' ],
54 silly audit   'set-function-name': [ '2.0.2' ],
54 silly audit   'set-proto': [ '1.0.0' ],
54 silly audit   sharp: [ '0.34.4' ],
54 silly audit   'shebang-command': [ '2.0.0' ],
54 silly audit   'shebang-regex': [ '3.0.0' ],
54 silly audit   'side-channel': [ '1.1.0' ],
54 silly audit   'side-channel-list': [ '1.0.0' ],
54 silly audit   'side-channel-map': [ '1.0.1' ],
54 silly audit   'side-channel-weakmap': [ '1.0.2' ],
54 silly audit   'signal-exit': [ '4.1.0' ],
54 silly audit   'source-map-js': [ '1.2.1' ],
54 silly audit   'stable-hash': [ '0.0.5' ],
54 silly audit   'stop-iteration-iterator': [ '1.1.0' ],
54 silly audit   'string-width': [ '5.1.2', '4.2.3' ],
54 silly audit   'string.prototype.includes': [ '2.0.1' ],
54 silly audit   'string.prototype.matchall': [ '4.0.12' ],
54 silly audit   'string.prototype.repeat': [ '1.0.0' ],
54 silly audit   'string.prototype.trim': [ '1.2.10' ],
54 silly audit   'string.prototype.trimend': [ '1.0.9' ],
54 silly audit   'string.prototype.trimstart': [ '1.0.8' ],
54 silly audit   'strip-bom': [ '3.0.0' ],
54 silly audit   'strip-json-comments': [ '3.1.1' ],
54 silly audit   'styled-jsx': [ '5.1.6' ],
54 silly audit   sucrase: [ '3.35.0' ],
54 silly audit   'supports-color': [ '7.2.0' ],
54 silly audit   'supports-preserve-symlinks-flag': [ '1.0.0' ],
54 silly audit   tailwindcss: [ '3.4.18' ],
54 silly audit   'text-table': [ '0.2.0' ],
54 silly audit   thenify: [ '3.3.1' ],
54 silly audit   'thenify-all': [ '1.6.0' ],
54 silly audit   tinyglobby: [ '0.2.15' ],
54 silly audit   fdir: [ '6.5.0' ],
54 silly audit   'to-regex-range': [ '5.0.1' ],
54 silly audit   'ts-api-utils': [ '2.1.0' ],
54 silly audit   'ts-interface-checker': [ '0.1.13' ],
54 silly audit   'tsconfig-paths': [ '3.15.0' ],
54 silly audit   tslib: [ '2.8.1' ],
54 silly audit   'type-check': [ '0.4.0' ],
54 silly audit   'type-fest': [ '0.20.2' ],
54 silly audit   'typed-array-buffer': [ '1.0.3' ],
54 silly audit   'typed-array-byte-length': [ '1.0.3' ],
54 silly audit   'typed-array-byte-offset': [ '1.0.4' ],
54 silly audit   'typed-array-length': [ '1.0.7' ],
54 silly audit   typescript: [ '5.9.3' ],
54 silly audit   'unbox-primitive': [ '1.1.0' ],
54 silly audit   'unrs-resolver': [ '1.11.1' ],
54 silly audit   'update-browserslist-db': [ '1.1.3' ],
54 silly audit   'uri-js': [ '4.4.1' ],
54 silly audit   'util-deprecate': [ '1.0.2' ],
54 silly audit   which: [ '2.0.2' ],
54 silly audit   'which-boxed-primitive': [ '1.1.1' ],
54 silly audit   'which-builtin-type': [ '1.2.1' ],
54 silly audit   'which-collection': [ '1.0.2' ],
54 silly audit   'which-typed-array': [ '1.1.19' ],
54 silly audit   'word-wrap': [ '1.2.5' ],
54 silly audit   'wrap-ansi': [ '8.1.0', '7.0.0' ],
54 silly audit   wrappy: [ '1.0.2' ],
54 silly audit   'yocto-queue': [ '0.1.0' ],
54 silly audit   'react-icons': [ '5.5.0' ]
54 silly audit }
55 verbose reify failed optional dependency /Users/claire/portfolio2025/node_modules/@unrs/resolver-binding-win32-x64-msvc
56 silly reify mark deleted [
56 silly reify   '/Users/claire/portfolio2025/node_modules/@unrs/resolver-binding-win32-x64-msvc'
56 silly reify ]
57 verbose reify failed optional dependency /Users/claire/portfolio2025/node_modules/@unrs/resolver-binding-win32-ia32-msvc
58 silly reify mark deleted [
58 silly reify   '/Users/claire/portfolio2025/node_modules/@unrs/resolver-binding-win32-ia32-msvc'
58 silly reify ]
59 verbose reify failed optional dependency /Users/claire/portfolio2025/node_modules/@unrs/resolver-binding-win32-arm64-msvc
60 silly reify mark deleted [
60 silly reify   '/Users/claire/portfolio2025/node_modules/@unrs/resolver-binding-win32-arm64-msvc'
60 silly reify ]
61 verbose reify failed optional dependency /Users/claire/portfolio2025/node_modules/@unrs/resolver-binding-wasm32-wasi
62 silly reify mark deleted [
62 silly reify   '/Users/claire/portfolio2025/node_modules/@unrs/resolver-binding-wasm32-wasi'
62 silly reify ]
63 verbose reify failed optional dependency /Users/claire/portfolio2025/node_modules/@napi-rs/wasm-runtime
64 silly reify mark deleted [ '/Users/claire/portfolio2025/node_modules/@napi-rs/wasm-runtime' ]
65 verbose reify failed optional dependency /Users/claire/portfolio2025/node_modules/@emnapi/core
66 silly reify mark deleted [ '/Users/claire/portfolio2025/node_modules/@emnapi/core' ]
67 verbose reify failed optional dependency /Users/claire/portfolio2025/node_modules/@tybys/wasm-util
68 silly reify mark deleted [ '/Users/claire/portfolio2025/node_modules/@tybys/wasm-util' ]
69 verbose reify failed optional dependency /Users/claire/portfolio2025/node_modules/@emnapi/wasi-threads
70 silly reify mark deleted [ '/Users/claire/portfolio2025/node_modules/@emnapi/wasi-threads' ]
71 verbose reify failed optional dependency /Users/claire/portfolio2025/node_modules/@unrs/resolver-binding-linux-x64-musl
72 silly reify mark deleted [
72 silly reify   '/Users/claire/portfolio2025/node_modules/@unrs/resolver-binding-linux-x64-musl'
72 silly reify ]
73 verbose reify failed optional dependency /Users/claire/portfolio2025/node_modules/@unrs/resolver-binding-linux-x64-gnu
74 silly reify mark deleted [
74 silly reify   '/Users/claire/portfolio2025/node_modules/@unrs/resolver-binding-linux-x64-gnu'
74 silly reify ]
75 verbose reify failed optional dependency /Users/claire/portfolio2025/node_modules/@unrs/resolver-binding-linux-s390x-gnu
76 silly reify mark deleted [
76 silly reify   '/Users/claire/portfolio2025/node_modules/@unrs/resolver-binding-linux-s390x-gnu'
76 silly reify ]
77 verbose reify failed optional dependency /Users/claire/portfolio2025/node_modules/@unrs/resolver-binding-linux-riscv64-musl
78 silly reify mark deleted [
78 silly reify   '/Users/claire/portfolio2025/node_modules/@unrs/resolver-binding-linux-riscv64-musl'
78 silly reify ]
79 verbose reify failed optional dependency /Users/claire/portfolio2025/node_modules/@unrs/resolver-binding-linux-riscv64-gnu
80 silly reify mark deleted [
80 silly reify   '/Users/claire/portfolio2025/node_modules/@unrs/resolver-binding-linux-riscv64-gnu'
80 silly reify ]
81 verbose reify failed optional dependency /Users/claire/portfolio2025/node_modules/@unrs/resolver-binding-linux-ppc64-gnu
82 silly reify mark deleted [
82 silly reify   '/Users/claire/portfolio2025/node_modules/@unrs/resolver-binding-linux-ppc64-gnu'
82 silly reify ]
83 verbose reify failed optional dependency /Users/claire/portfolio2025/node_modules/@unrs/resolver-binding-linux-arm64-musl
84 silly reify mark deleted [
84 silly reify   '/Users/claire/portfolio2025/node_modules/@unrs/resolver-binding-linux-arm64-musl'
84 silly reify ]
85 verbose reify failed optional dependency /Users/claire/portfolio2025/node_modules/@unrs/resolver-binding-linux-arm64-gnu
86 silly reify mark deleted [
86 silly reify   '/Users/claire/portfolio2025/node_modules/@unrs/resolver-binding-linux-arm64-gnu'
86 silly reify ]
87 verbose reify failed optional dependency /Users/claire/portfolio2025/node_modules/@unrs/resolver-binding-linux-arm-musleabihf
88 silly reify mark deleted [
88 silly reify   '/Users/claire/portfolio2025/node_modules/@unrs/resolver-binding-linux-arm-musleabihf'
88 silly reify ]
89 verbose reify failed optional dependency /Users/claire/portfolio2025/node_modules/@unrs/resolver-binding-linux-arm-gnueabihf
90 silly reify mark deleted [
90 silly reify   '/Users/claire/portfolio2025/node_modules/@unrs/resolver-binding-linux-arm-gnueabihf'
90 silly reify ]
91 verbose reify failed optional dependency /Users/claire/portfolio2025/node_modules/@unrs/resolver-binding-freebsd-x64
92 silly reify mark deleted [
92 silly reify   '/Users/claire/portfolio2025/node_modules/@unrs/resolver-binding-freebsd-x64'
92 silly reify ]
93 verbose reify failed optional dependency /Users/claire/portfolio2025/node_modules/@unrs/resolver-binding-darwin-x64
94 silly reify mark deleted [
94 silly reify   '/Users/claire/portfolio2025/node_modules/@unrs/resolver-binding-darwin-x64'
94 silly reify ]
95 verbose reify failed optional dependency /Users/claire/portfolio2025/node_modules/@unrs/resolver-binding-android-arm64
96 silly reify mark deleted [
96 silly reify   '/Users/claire/portfolio2025/node_modules/@unrs/resolver-binding-android-arm64'
96 silly reify ]
97 verbose reify failed optional dependency /Users/claire/portfolio2025/node_modules/@unrs/resolver-binding-android-arm-eabi
98 silly reify mark deleted [
98 silly reify   '/Users/claire/portfolio2025/node_modules/@unrs/resolver-binding-android-arm-eabi'
98 silly reify ]
99 verbose reify failed optional dependency /Users/claire/portfolio2025/node_modules/@next/swc-win32-x64-msvc
100 silly reify mark deleted [ '/Users/claire/portfolio2025/node_modules/@next/swc-win32-x64-msvc' ]
101 verbose reify failed optional dependency /Users/claire/portfolio2025/node_modules/@next/swc-win32-arm64-msvc
102 silly reify mark deleted [
102 silly reify   '/Users/claire/portfolio2025/node_modules/@next/swc-win32-arm64-msvc'
102 silly reify ]
103 verbose reify failed optional dependency /Users/claire/portfolio2025/node_modules/@next/swc-linux-x64-musl
104 silly reify mark deleted [ '/Users/claire/portfolio2025/node_modules/@next/swc-linux-x64-musl' ]
105 verbose reify failed optional dependency /Users/claire/portfolio2025/node_modules/@next/swc-linux-x64-gnu
106 silly reify mark deleted [ '/Users/claire/portfolio2025/node_modules/@next/swc-linux-x64-gnu' ]
107 verbose reify failed optional dependency /Users/claire/portfolio2025/node_modules/@next/swc-linux-arm64-musl
108 silly reify mark deleted [
108 silly reify   '/Users/claire/portfolio2025/node_modules/@next/swc-linux-arm64-musl'
108 silly reify ]
109 verbose reify failed optional dependency /Users/claire/portfolio2025/node_modules/@next/swc-linux-arm64-gnu
110 silly reify mark deleted [
110 silly reify   '/Users/claire/portfolio2025/node_modules/@next/swc-linux-arm64-gnu'
110 silly reify ]
111 verbose reify failed optional dependency /Users/claire/portfolio2025/node_modules/@next/swc-darwin-x64
112 silly reify mark deleted [ '/Users/claire/portfolio2025/node_modules/@next/swc-darwin-x64' ]
113 verbose reify failed optional dependency /Users/claire/portfolio2025/node_modules/@img/sharp-win32-x64
114 silly reify mark deleted [ '/Users/claire/portfolio2025/node_modules/@img/sharp-win32-x64' ]
115 verbose reify failed optional dependency /Users/claire/portfolio2025/node_modules/@img/sharp-win32-ia32
116 silly reify mark deleted [ '/Users/claire/portfolio2025/node_modules/@img/sharp-win32-ia32' ]
117 verbose reify failed optional dependency /Users/claire/portfolio2025/node_modules/@img/sharp-win32-arm64
118 silly reify mark deleted [ '/Users/claire/portfolio2025/node_modules/@img/sharp-win32-arm64' ]
119 verbose reify failed optional dependency /Users/claire/portfolio2025/node_modules/@img/sharp-wasm32
120 silly reify mark deleted [ '/Users/claire/portfolio2025/node_modules/@img/sharp-wasm32' ]
121 verbose reify failed optional dependency /Users/claire/portfolio2025/node_modules/@img/sharp-linuxmusl-x64
122 silly reify mark deleted [ '/Users/claire/portfolio2025/node_modules/@img/sharp-linuxmusl-x64' ]
123 verbose reify failed optional dependency /Users/claire/portfolio2025/node_modules/@img/sharp-linuxmusl-arm64
124 silly reify mark deleted [
124 silly reify   '/Users/claire/portfolio2025/node_modules/@img/sharp-linuxmusl-arm64'
124 silly reify ]
125 verbose reify failed optional dependency /Users/claire/portfolio2025/node_modules/@img/sharp-linux-x64
126 silly reify mark deleted [ '/Users/claire/portfolio2025/node_modules/@img/sharp-linux-x64' ]
127 verbose reify failed optional dependency /Users/claire/portfolio2025/node_modules/@img/sharp-linux-s390x
128 silly reify mark deleted [ '/Users/claire/portfolio2025/node_modules/@img/sharp-linux-s390x' ]
129 verbose reify failed optional dependency /Users/claire/portfolio2025/node_modules/@img/sharp-linux-ppc64
130 silly reify mark deleted [ '/Users/claire/portfolio2025/node_modules/@img/sharp-linux-ppc64' ]
131 verbose reify failed optional dependency /Users/claire/portfolio2025/node_modules/@img/sharp-linux-arm64
132 silly reify mark deleted [ '/Users/claire/portfolio2025/node_modules/@img/sharp-linux-arm64' ]
133 verbose reify failed optional dependency /Users/claire/portfolio2025/node_modules/@img/sharp-linux-arm
134 silly reify mark deleted [ '/Users/claire/portfolio2025/node_modules/@img/sharp-linux-arm' ]
135 verbose reify failed optional dependency /Users/claire/portfolio2025/node_modules/@img/sharp-libvips-linuxmusl-x64
136 silly reify mark deleted [
136 silly reify   '/Users/claire/portfolio2025/node_modules/@img/sharp-libvips-linuxmusl-x64'
136 silly reify ]
137 verbose reify failed optional dependency /Users/claire/portfolio2025/node_modules/@img/sharp-libvips-linuxmusl-arm64
138 silly reify mark deleted [
138 silly reify   '/Users/claire/portfolio2025/node_modules/@img/sharp-libvips-linuxmusl-arm64'
138 silly reify ]
139 verbose reify failed optional dependency /Users/claire/portfolio2025/node_modules/@img/sharp-libvips-linux-x64
140 silly reify mark deleted [
140 silly reify   '/Users/claire/portfolio2025/node_modules/@img/sharp-libvips-linux-x64'
140 silly reify ]
141 verbose reify failed optional dependency /Users/claire/portfolio2025/node_modules/@img/sharp-libvips-linux-s390x
142 silly reify mark deleted [
142 silly reify   '/Users/claire/portfolio2025/node_modules/@img/sharp-libvips-linux-s390x'
142 silly reify ]
143 verbose reify failed optional dependency /Users/claire/portfolio2025/node_modules/@img/sharp-libvips-linux-ppc64
144 silly reify mark deleted [
144 silly reify   '/Users/claire/portfolio2025/node_modules/@img/sharp-libvips-linux-ppc64'
144 silly reify ]
145 verbose reify failed optional dependency /Users/claire/portfolio2025/node_modules/@img/sharp-libvips-linux-arm64
146 silly reify mark deleted [
146 silly reify   '/Users/claire/portfolio2025/node_modules/@img/sharp-libvips-linux-arm64'
146 silly reify ]
147 verbose reify failed optional dependency /Users/claire/portfolio2025/node_modules/@img/sharp-libvips-linux-arm
148 silly reify mark deleted [
148 silly reify   '/Users/claire/portfolio2025/node_modules/@img/sharp-libvips-linux-arm'
148 silly reify ]
149 verbose reify failed optional dependency /Users/claire/portfolio2025/node_modules/@img/sharp-libvips-darwin-x64
150 silly reify mark deleted [
150 silly reify   '/Users/claire/portfolio2025/node_modules/@img/sharp-libvips-darwin-x64'
150 silly reify ]
151 verbose reify failed optional dependency /Users/claire/portfolio2025/node_modules/@img/sharp-darwin-x64
152 silly reify mark deleted [ '/Users/claire/portfolio2025/node_modules/@img/sharp-darwin-x64' ]
153 timing reifyNode:node_modules/@unrs/resolver-binding-win32-x64-msvc Completed in 7ms
154 timing reifyNode:node_modules/@unrs/resolver-binding-win32-ia32-msvc Completed in 7ms
155 timing reifyNode:node_modules/@unrs/resolver-binding-win32-arm64-msvc Completed in 7ms
156 timing reifyNode:node_modules/@unrs/resolver-binding-wasm32-wasi Completed in 7ms
157 timing reifyNode:node_modules/@unrs/resolver-binding-linux-x64-musl Completed in 7ms
158 timing reifyNode:node_modules/@unrs/resolver-binding-linux-x64-gnu Completed in 7ms
159 timing reifyNode:node_modules/@unrs/resolver-binding-linux-s390x-gnu Completed in 7ms
160 timing reifyNode:node_modules/@unrs/resolver-binding-linux-riscv64-musl Completed in 7ms
161 timing reifyNode:node_modules/@unrs/resolver-binding-linux-riscv64-gnu Completed in 7ms
162 timing reifyNode:node_modules/@unrs/resolver-binding-linux-ppc64-gnu Completed in 7ms
163 timing reifyNode:node_modules/@unrs/resolver-binding-linux-arm64-musl Completed in 7ms
164 timing reifyNode:node_modules/@unrs/resolver-binding-linux-arm64-gnu Completed in 6ms
165 timing reifyNode:node_modules/@unrs/resolver-binding-linux-arm-musleabihf Completed in 6ms
166 timing reifyNode:node_modules/@unrs/resolver-binding-linux-arm-gnueabihf Completed in 6ms
167 timing reifyNode:node_modules/@unrs/resolver-binding-freebsd-x64 Completed in 6ms
168 timing reifyNode:node_modules/@unrs/resolver-binding-darwin-x64 Completed in 6ms
169 timing reifyNode:node_modules/@unrs/resolver-binding-android-arm64 Completed in 6ms
170 timing reifyNode:node_modules/@unrs/resolver-binding-android-arm-eabi Completed in 6ms
171 timing reifyNode:node_modules/@next/swc-win32-x64-msvc Completed in 6ms
172 timing reifyNode:node_modules/@next/swc-win32-arm64-msvc Completed in 6ms
173 timing reifyNode:node_modules/@next/swc-linux-x64-musl Completed in 6ms
174 timing reifyNode:node_modules/@next/swc-linux-x64-gnu Completed in 6ms
175 timing reifyNode:node_modules/@next/swc-linux-arm64-musl Completed in 6ms
176 timing reifyNode:node_modules/@next/swc-linux-arm64-gnu Completed in 7ms
177 timing reifyNode:node_modules/@next/swc-darwin-x64 Completed in 7ms
178 timing reifyNode:node_modules/@img/sharp-win32-x64 Completed in 7ms
179 timing reifyNode:node_modules/@img/sharp-win32-ia32 Completed in 7ms
180 timing reifyNode:node_modules/@img/sharp-win32-arm64 Completed in 7ms
181 timing reifyNode:node_modules/@img/sharp-wasm32 Completed in 7ms
182 timing reifyNode:node_modules/@img/sharp-linuxmusl-x64 Completed in 7ms
183 timing reifyNode:node_modules/@img/sharp-linuxmusl-arm64 Completed in 7ms
184 timing reifyNode:node_modules/@img/sharp-linux-x64 Completed in 7ms
185 timing reifyNode:node_modules/@img/sharp-linux-s390x Completed in 7ms
186 timing reifyNode:node_modules/@img/sharp-linux-ppc64 Completed in 7ms
187 timing reifyNode:node_modules/@img/sharp-linux-arm64 Completed in 7ms
188 timing reifyNode:node_modules/@img/sharp-linux-arm Completed in 7ms
189 timing reifyNode:node_modules/@img/sharp-libvips-linuxmusl-x64 Completed in 7ms
190 timing reifyNode:node_modules/@img/sharp-libvips-linuxmusl-arm64 Completed in 7ms
191 timing reifyNode:node_modules/@img/sharp-libvips-linux-x64 Completed in 7ms
192 timing reifyNode:node_modules/@img/sharp-libvips-linux-s390x Completed in 7ms
193 timing reifyNode:node_modules/@img/sharp-libvips-linux-ppc64 Completed in 7ms
194 timing reifyNode:node_modules/@img/sharp-libvips-linux-arm64 Completed in 7ms
195 timing reifyNode:node_modules/@img/sharp-libvips-linux-arm Completed in 7ms
196 timing reifyNode:node_modules/@img/sharp-libvips-darwin-x64 Completed in 7ms
197 timing reifyNode:node_modules/@img/sharp-darwin-x64 Completed in 7ms
198 silly tarball no local data for react-icons@https://registry.npmjs.org/react-icons/-/react-icons-5.5.0.tgz. Extracting by manifest.
199 silly tarball no local data for @napi-rs/wasm-runtime@https://registry.npmjs.org/@napi-rs/wasm-runtime/-/wasm-runtime-0.2.12.tgz. Extracting by manifest.
200 silly tarball no local data for @tybys/wasm-util@https://registry.npmjs.org/@tybys/wasm-util/-/wasm-util-0.10.1.tgz. Extracting by manifest.
201 silly tarball no local data for @emnapi/core@https://registry.npmjs.org/@emnapi/core/-/core-1.5.0.tgz. Extracting by manifest.
202 silly tarball no local data for @emnapi/wasi-threads@https://registry.npmjs.org/@emnapi/wasi-threads/-/wasi-threads-1.1.0.tgz. Extracting by manifest.
203 http fetch GET 200 https://registry.npmjs.org/@emnapi/wasi-threads/-/wasi-threads-1.1.0.tgz 156ms (cache miss)
204 timing reifyNode:node_modules/@emnapi/wasi-threads Completed in 173ms
205 http fetch POST 200 https://registry.npmjs.org/-/npm/v1/security/advisories/bulk 208ms
206 timing auditReport:getReport Completed in 213ms
207 silly audit report {
207 silly audit report   'js-yaml': [
207 silly audit report     {
207 silly audit report       id: 1109754,
207 silly audit report       url: 'https://github.com/advisories/GHSA-mh29-5h37-fv8m',
207 silly audit report       title: 'js-yaml has prototype pollution in merge (<<)',
207 silly audit report       severity: 'moderate',
207 silly audit report       vulnerable_versions: '<4.1.1',
207 silly audit report       cwe: [Array],
207 silly audit report       cvss: [Object]
207 silly audit report     }
207 silly audit report   ]
207 silly audit report }
208 timing metavuln:cache:get:security-advisory:js-yaml:v8sCRbGgPpf1+4sesfKKhXY4/8TAMw+3Rerrbq6v+4K3GJBGckmE7MNCLJ408HkwH/TuZ88jV8YmWbrR9CjROQ== Completed in 1ms
209 http fetch GET 200 https://registry.npmjs.org/js-yaml 43ms (cache miss)
210 timing metavuln:packument:js-yaml Completed in 45ms
211 timing metavuln:load:security-advisory:js-yaml:1109754 Completed in 1ms
212 timing metavuln:cache:put:security-advisory:js-yaml:v8sCRbGgPpf1+4sesfKKhXY4/8TAMw+3Rerrbq6v+4K3GJBGckmE7MNCLJ408HkwH/TuZ88jV8YmWbrR9CjROQ== Completed in 33ms
213 timing metavuln:calculate:security-advisory:js-yaml:1109754 Completed in 79ms
214 timing metavuln:cache:get:security-advisory:@eslint/eslintrc:oWzXXHDU8J/FEVYbh4XHAvJ9h/oYOZOccjXqrwTCRe/7PtB7onuje7p9c+eoWF8IFnuo3oPJpVx3BMX5/o1j/w== Completed in 1ms
215 timing metavuln:cache:get:security-advisory:eslint:zK8CG/b/C4jRez/tR6C7/gPB3GqjvTfMMNR0q9HL8SJyIRuBXpKnrEYY2NNxTGfWSRdwHpLiZvnUElYcozfQ4w== Completed in 1ms
216 http fetch GET 200 https://registry.npmjs.org/@emnapi/core/-/core-1.5.0.tgz 312ms (cache miss)
217 timing reifyNode:node_modules/@emnapi/core Completed in 327ms
218 http fetch GET 200 https://registry.npmjs.org/@tybys/wasm-util/-/wasm-util-0.10.1.tgz 333ms (cache miss)
219 timing reifyNode:node_modules/@tybys/wasm-util Completed in 347ms
220 http fetch GET 200 https://registry.npmjs.org/eslint 126ms (cache miss)
221 timing metavuln:packument:eslint Completed in 133ms
222 timing metavuln:load:security-advisory:eslint:v8sCRbGgPpf1+4sesfKKhXY4/8TAMw+3Rerrbq6v+4K3GJBGckmE7MNCLJ408HkwH/TuZ88jV8YmWbrR9CjROQ== Completed in 17ms
223 timing metavuln:cache:put:security-advisory:eslint:zK8CG/b/C4jRez/tR6C7/gPB3GqjvTfMMNR0q9HL8SJyIRuBXpKnrEYY2NNxTGfWSRdwHpLiZvnUElYcozfQ4w== Completed in 7ms
224 timing metavuln:calculate:security-advisory:eslint:v8sCRbGgPpf1+4sesfKKhXY4/8TAMw+3Rerrbq6v+4K3GJBGckmE7MNCLJ408HkwH/TuZ88jV8YmWbrR9CjROQ== Completed in 157ms
225 http fetch GET 200 https://registry.npmjs.org/@eslint%2feslintrc 159ms (cache miss)
226 timing metavuln:packument:@eslint/eslintrc Completed in 160ms
227 timing metavuln:load:security-advisory:@eslint/eslintrc:v8sCRbGgPpf1+4sesfKKhXY4/8TAMw+3Rerrbq6v+4K3GJBGckmE7MNCLJ408HkwH/TuZ88jV8YmWbrR9CjROQ== Completed in 0ms
228 timing metavuln:cache:put:security-advisory:@eslint/eslintrc:oWzXXHDU8J/FEVYbh4XHAvJ9h/oYOZOccjXqrwTCRe/7PtB7onuje7p9c+eoWF8IFnuo3oPJpVx3BMX5/o1j/w== Completed in 3ms
229 timing metavuln:calculate:security-advisory:@eslint/eslintrc:v8sCRbGgPpf1+4sesfKKhXY4/8TAMw+3Rerrbq6v+4K3GJBGckmE7MNCLJ408HkwH/TuZ88jV8YmWbrR9CjROQ== Completed in 163ms
230 timing auditReport:init Completed in 242ms
231 timing reify:audit Completed in 455ms
232 http fetch GET 200 https://registry.npmjs.org/@napi-rs/wasm-runtime/-/wasm-runtime-0.2.12.tgz 580ms (cache miss)
233 timing reifyNode:node_modules/@napi-rs/wasm-runtime Completed in 593ms
234 http fetch GET 200 https://registry.npmjs.org/react-icons/-/react-icons-5.5.0.tgz 1286ms (cache miss)
235 timing reifyNode:node_modules/react-icons Completed in 1299ms
236 timing reify:unpack Completed in 1299ms
237 timing reify:unretire Completed in 0ms
238 timing build:queue Completed in 1ms
239 timing build:deps Completed in 1ms
240 timing build Completed in 1ms
241 timing reify:build Completed in 2ms
242 timing reify:trash Completed in 7ms
243 timing reify:save Completed in 63ms
244 timing reify Completed in 2190ms
245 silly ADD node_modules/react-icons
246 silly ADD
247 silly ADD
248 silly ADD
249 silly ADD
250 silly ADD
251 silly ADD
252 silly ADD
253 silly ADD
254 silly ADD
255 silly ADD
256 silly ADD
257 silly ADD
258 silly ADD
259 silly ADD
260 silly ADD
261 silly ADD
262 silly ADD
263 silly ADD
264 silly ADD
265 silly ADD
266 silly ADD
267 silly ADD
268 silly ADD
269 silly ADD
270 silly ADD
271 silly ADD
272 silly ADD
273 silly ADD
274 silly ADD
275 silly ADD
276 silly ADD
277 silly ADD
278 silly ADD
279 silly ADD
280 silly ADD
281 silly ADD
282 silly ADD
283 silly ADD
284 silly ADD
285 silly ADD
286 silly ADD
287 silly ADD
288 silly ADD
289 silly ADD
290 silly ADD
291 silly ADD
292 silly ADD
293 silly ADD
294 silly ADD
295 timing command:install Completed in 2195ms
296 notice
296 notice New major version of npm available! 10.2.4 -> 11.6.2
296 notice Changelog: <https://github.com/npm/cli/releases/tag/v11.6.2>
296 notice Run `npm install -g npm@11.6.2` to update!
296 notice
297 verbose exit 0
298 timing npm Completed in 2349ms
299 info ok
